[25-Mar-2019 01:31:49] NOTICE: fpm is running, pid 16
[25-Mar-2019 01:31:49] NOTICE: ready to handle connections
[25-Mar-2019 01:44:25] NOTICE: Terminating ...
[25-Mar-2019 01:44:25] NOTICE: exiting, bye-bye!
[25-Mar-2019 18:30:42] NOTICE: fpm is running, pid 72
[25-Mar-2019 18:30:42] NOTICE: ready to handle connections
[25-Mar-2019 19:47:41] NOTICE: Terminating ...
[25-Mar-2019 19:47:41] NOTICE: exiting, bye-bye!
[27-Mar-2019 16:30:36] NOTICE: fpm is running, pid 92
[27-Mar-2019 16:30:36] NOTICE: ready to handle connections
[28-Mar-2019 21:42:09] NOTICE: fpm is running, pid 86
[28-Mar-2019 21:42:09] NOTICE: ready to handle connections
[28-Mar-2019 21:47:13] NOTICE: Terminating ...
[28-Mar-2019 21:47:13] NOTICE: exiting, bye-bye!
[28-Mar-2019 21:48:15] NOTICE: fpm is running, pid 58
[28-Mar-2019 21:48:15] NOTICE: ready to handle connections
[28-Mar-2019 23:03:22] WARNING: [pool www] server reached pm.max_children setting (5), consider raising it
[28-Mar-2019 23:27:08] NOTICE: Terminating ...
[28-Mar-2019 23:27:08] NOTICE: exiting, bye-bye!
[29-Mar-2019 16:38:53] NOTICE: fpm is running, pid 76
[29-Mar-2019 16:38:53] NOTICE: ready to handle connections
[29-Mar-2019 17:42:42] NOTICE: Terminating ...
[29-Mar-2019 17:42:42] NOTICE: exiting, bye-bye!
[30-Mar-2019 00:00:22] NOTICE: fpm is running, pid 86
[30-Mar-2019 00:00:22] NOTICE: ready to handle connections
[30-Mar-2019 15:08:58] NOTICE: fpm is running, pid 70
[30-Mar-2019 15:08:58] NOTICE: ready to handle connections
[01-Apr-2019 18:20:31] NOTICE: fpm is running, pid 76
[01-Apr-2019 18:20:31] NOTICE: ready to handle connections
[01-Apr-2019 21:29:34] NOTICE: Terminating ...
[01-Apr-2019 21:29:34] NOTICE: exiting, bye-bye!
[02-Apr-2019 01:12:16] NOTICE: fpm is running, pid 108
[02-Apr-2019 01:12:16] NOTICE: ready to handle connections
[02-Apr-2019 02:21:53] NOTICE: Terminating ...
[02-Apr-2019 02:21:53] NOTICE: exiting, bye-bye!
[02-Apr-2019 16:20:34] NOTICE: fpm is running, pid 66
[02-Apr-2019 16:20:34] NOTICE: ready to handle connections
[02-Apr-2019 18:20:00] NOTICE: Terminating ...
[02-Apr-2019 18:20:00] NOTICE: exiting, bye-bye!
[02-Apr-2019 21:59:20] NOTICE: fpm is running, pid 79
[02-Apr-2019 21:59:20] NOTICE: ready to handle connections
